#
# There is insufficient memory for the Java Runtime Environment to continue.
# Native memory allocation (mmap) failed to map 134217728 bytes for G1 virtual space
# Possible reasons:
#   The system is out of physical RAM or swap space
#   The process is running with CompressedOops enabled, and the Java Heap may be blocking the growth of the native heap
# Possible solutions:
#   Reduce memory load on the system
#   Increase physical memory or swap space
#   Check if swap backing store is full
#   Decrease Java heap size (-Xmx/-Xms)
#   Decrease number of Java threads
#   Decrease Java thread stack sizes (-Xss)
#   Set larger code cache with -XX:ReservedCodeCacheSize=
#   JVM is running with Unscaled Compressed Oops mode in which the Java heap is
#     placed in the first 4GB address space. The Java Heap base address is the
#     maximum limit for the native heap growth. Please use -XX:HeapBaseMinAddress
#     to set the Java Heap base and to place the Java Heap above 4GB virtual address.
# This output file may be truncated or incomplete.
#
#  Out of Memory Error (./open/src/hotspot/os/windows/os_windows.cpp:3321), pid=8724, tid=2044
#
# JRE version:  (15.0.2+7) (build )
# Java VM: OpenJDK 64-Bit Server VM (15.0.2+7-27, mixed mode, sharing, tiered, compressed oops, g1 gc, windows-amd64)
# No core dump will be written. Minidumps are not enabled by default on client versions of Windows
#

---------------  S U M M A R Y ------------

Command Line: -Dfile.encoding=Cp1250 -XX:+ShowCodeDetailsInExceptionMessages JSON

Host: Intel(R) Core(TM) i5-4300M CPU @ 2.60GHz, 4 cores, 7G,  Windows 10 , 64 bit Build 18362 (10.0.18362.1350)
Time: Mon Jun  7 00:28:27 2021 ?rodkowoeuropejski czas letni elapsed time: 0.017829 seconds (0d 0h 0m 0s)

---------------  T H R E A D  ---------------

Current thread (0x000001ff173a0750):  JavaThread "Unknown thread" [_thread_in_vm, id=2044, stack(0x0000006df8400000,0x0000006df8500000)]

Stack: [0x0000006df8400000,0x0000006df8500000]
Native frames: (J=compiled Java code, j=interpreted, Vv=VM code, C=native code)
V  [jvm.dll+0x62ae9a]
V  [jvm.dll+0x7817a9]
V  [jvm.dll+0x782f03]
V  [jvm.dll+0x783563]
V  [jvm.dll+0x216325]
V  [jvm.dll+0x6281d9]
V  [jvm.dll+0x61cf55]
V  [jvm.dll+0x2cffdd]
V  [jvm.dll+0x2cfe42]
V  [jvm.dll+0x2d5e1c]
V  [jvm.dll+0x32590a]
V  [jvm.dll+0x324fd4]
V  [jvm.dll+0x2a6f5a]
V  [jvm.dll+0x2a80f8]
V  [jvm.dll+0x75e241]
V  [jvm.dll+0x3341c4]
V  [jvm.dll+0x73e926]
V  [jvm.dll+0x3b7557]
V  [jvm.dll+0x3b8fe1]
C  [jli.dll+0x52fb]
C  [ucrtbase.dll+0x210b2]
C  [KERNEL32.DLL+0x17c24]
C  [ntdll.dll+0x6d721]


---------------  P R O C E S S  ---------------

Threads class SMR info:
_java_thread_list=0x00007ffa54364ff0, length=0, elements={
}

Java Threads: ( => current thread )

Other Threads:
  0x000001ff173e29a0 GCTaskThread "GC Thread#0" [stack: 0x0000006df8500000,0x0000006df8600000] [id=4368]
  0x000001ff173f5070 ConcurrentGCThread "G1 Main Marker" [stack: 0x0000006df8600000,0x0000006df8700000] [id=20856]
  0x000001ff173f5bf0 ConcurrentGCThread "G1 Conc#0" [stack: 0x0000006df8700000,0x0000006df8800000] [id=13168]

[error occurred during error reporting (printing all threads), id 0xc0000005, EXCEPTION_ACCESS_VIOLATION (0xc0000005) at pc=0x00007ffa53b57e27]

VM state: not at safepoint (not fully initialized)

VM Mutex/Monitor currently owned by a thread:  ([mutex/lock_event])
[0x000001ff1739b940] Heap_lock - owner thread: 0x000001ff173a0750

Heap address: 0x0000000081600000, size: 2026 MB, Compressed Oops mode: 32-bit
CDS archive(s) mapped at: [0x0000000000000000-0x0000000000000000-0x0000000000000000), size 0, SharedBaseAddress: 0x0000000800000000, ArchiveRelocationMode: 0.
Narrow klass base: 0x0000000000000000, Narrow klass shift: 0, Narrow klass range: 0x0

Heap:
 garbage-first heap   total 131072K, used 0K [0x0000000081600000, 0x0000000100000000)
  region size 1024K, 0 young (0K), 0 survivors (0K)
 Metaspace       used 0K, capacity 0K, committed 0K, reserved 0K
  class space    used 0K, capacity 0K, committed 0K, reserved 0K

Heap Regions: E=young(eden), S=young(survivor), O=old, HS=humongous(starts), HC=humongous(continues), CS=collection set, F=free, OA=open archive, CA=closed archive, TAMS=top-at-mark-start (previous, next)

Card table byte_map: [0x000001ff2bfa0000,0x000001ff2c3a0000] _byte_map_base: 0x000001ff2bb95000

Marking Bits (Prev, Next): (CMBitMap*) 0x000001ff173e4130, (CMBitMap*) 0x000001ff173e4170
 Prev Bits: [0x000001ff2c7a0000, 0x000001ff2e748000)
 Next Bits: [0x000001ff2e750000, 0x000001ff306f8000)

GC Heap History (0 events):
No events

Deoptimization events (0 events):
No events

Classes unloaded (0 events):
No events

Classes redefined (0 events):
No events

Internal exceptions (0 events):
No events

Events (1 events):
Event: 0.012 Loaded shared library C:\Users\Eryk\.p2\pool\plugins\org.eclipse.justj.openjdk.hotspot.jre.full.win32.x86_64_15.0.2.v20210201-0955\jre\bin\java.dll


Dynamic libraries:
0x00007ff7fcff0000 - 0x00007ff7fcffd000 	C:\Users\Eryk\.p2\pool\plugins\org.eclipse.justj.openjdk.hotspot.jre.full.win32.x86_64_15.0.2.v20210201-0955\jre\bin\javaw.exe
0x00007ffaa60a0000 - 0x00007ffaa6290000 	C:\WINDOWS\SYSTEM32\ntdll.dll
0x00007ffaa5060000 - 0x00007ffaa5112000 	C:\WINDOWS\System32\KERNEL32.DLL
0x00007ffaa30f0000 - 0x00007ffaa3395000 	C:\WINDOWS\System32\KERNELBASE.dll
0x00007ffaa3830000 - 0x00007ffaa392a000 	C:\WINDOWS\System32\ucrtbase.dll
0x00007ffa75d10000 - 0x00007ffa75d28000 	C:\Users\Eryk\.p2\pool\plugins\org.eclipse.justj.openjdk.hotspot.jre.full.win32.x86_64_15.0.2.v20210201-0955\jre\bin\jli.dll
0x00007ffaa4c50000 - 0x00007ffaa4de4000 	C:\WINDOWS\System32\USER32.dll
0x00007ffaa37e0000 - 0x00007ffaa3801000 	C:\WINDOWS\System32\win32u.dll
0x00007ffaa6030000 - 0x00007ffaa6056000 	C:\WINDOWS\System32\GDI32.dll
0x00007ffaa34e0000 - 0x00007ffaa3678000 	C:\WINDOWS\System32\gdi32full.dll
0x00007ffaa40b0000 - 0x00007ffaa414e000 	C:\WINDOWS\System32\msvcp_win.dll
0x00007ffa75cf0000 - 0x00007ffa75d09000 	C:\Users\Eryk\.p2\pool\plugins\org.eclipse.justj.openjdk.hotspot.jre.full.win32.x86_64_15.0.2.v20210201-0955\jre\bin\VCRUNTIME140.dll
0x00007ffa96c20000 - 0x00007ffa96ea4000 	C:\WINDOWS\WinSxS\amd64_microsoft.windows.common-controls_6595b64144ccf1df_6.0.18362.1440_none_9e7dbfb9e45e8e67\COMCTL32.dll
0x00007ffaa4a90000 - 0x00007ffaa4b2e000 	C:\WINDOWS\System32\msvcrt.dll
0x00007ffaa4750000 - 0x00007ffaa4a86000 	C:\WINDOWS\System32\combase.dll
0x00007ffaa43d0000 - 0x00007ffaa44ef000 	C:\WINDOWS\System32\RPCRT4.dll
0x00007ffaa3060000 - 0x00007ffaa30e1000 	C:\WINDOWS\System32\bcryptPrimitives.dll
0x00007ffaa4210000 - 0x00007ffaa423e000 	C:\WINDOWS\System32\IMM32.DLL
0x00007ffa95020000 - 0x00007ffa9502c000 	C:\Users\Eryk\.p2\pool\plugins\org.eclipse.justj.openjdk.hotspot.jre.full.win32.x86_64_15.0.2.v20210201-0955\jre\bin\vcruntime140_1.dll
0x00007ffa71810000 - 0x00007ffa718a1000 	C:\Users\Eryk\.p2\pool\plugins\org.eclipse.justj.openjdk.hotspot.jre.full.win32.x86_64_15.0.2.v20210201-0955\jre\bin\msvcp140.dll
0x00007ffa538a0000 - 0x00007ffa543fe000 	C:\Users\Eryk\.p2\pool\plugins\org.eclipse.justj.openjdk.hotspot.jre.full.win32.x86_64_15.0.2.v20210201-0955\jre\bin\server\jvm.dll
0x00007ffaa4b30000 - 0x00007ffaa4bd3000 	C:\WINDOWS\System32\ADVAPI32.dll
0x00007ffaa4150000 - 0x00007ffaa41e7000 	C:\WINDOWS\System32\sechost.dll
0x00007ffaa4240000 - 0x00007ffaa4248000 	C:\WINDOWS\System32\PSAPI.DLL
0x00007ffa86520000 - 0x00007ffa86529000 	C:\WINDOWS\SYSTEM32\WSOCK32.dll
0x00007ffa9b850000 - 0x00007ffa9b874000 	C:\WINDOWS\SYSTEM32\WINMM.dll
0x00007ffaa4be0000 - 0x00007ffaa4c4f000 	C:\WINDOWS\System32\WS2_32.dll
0x00007ffa99220000 - 0x00007ffa9922a000 	C:\WINDOWS\SYSTEM32\VERSION.dll
0x00007ffa9b820000 - 0x00007ffa9b84d000 	C:\WINDOWS\SYSTEM32\winmmbase.dll
0x00007ffaa3010000 - 0x00007ffaa305a000 	C:\WINDOWS\System32\cfgmgr32.dll
0x00007ffaa2f80000 - 0x00007ffaa2f91000 	C:\WINDOWS\System32\kernel.appcore.dll
0x00007ffa9e2a0000 - 0x00007ffa9e2aa000 	C:\Users\Eryk\.p2\pool\plugins\org.eclipse.justj.openjdk.hotspot.jre.full.win32.x86_64_15.0.2.v20210201-0955\jre\bin\jimage.dll
0x00007ffa93490000 - 0x00007ffa93684000 	C:\WINDOWS\SYSTEM32\DBGHELP.DLL
0x00007ffa94c00000 - 0x00007ffa94c2a000 	C:\WINDOWS\SYSTEM32\dbgcore.DLL
0x00007ffa8a9b0000 - 0x00007ffa8a9d5000 	C:\Users\Eryk\.p2\pool\plugins\org.eclipse.justj.openjdk.hotspot.jre.full.win32.x86_64_15.0.2.v20210201-0955\jre\bin\java.dll

dbghelp: loaded successfully - version: 4.0.5 - missing functions: none
symbol engine: initialized successfully - sym options: 0x614 - pdb path: .;C:\Users\Eryk\.p2\pool\plugins\org.eclipse.justj.openjdk.hotspot.jre.full.win32.x86_64_15.0.2.v20210201-0955\jre\bin;C:\WINDOWS\SYSTEM32;C:\WINDOWS\WinSxS\amd64_microsoft.windows.common-controls_6595b64144ccf1df_6.0.18362.1440_none_9e7dbfb9e45e8e67;C:\Users\Eryk\.p2\pool\plugins\org.eclipse.justj.openjdk.hotspot.jre.full.win32.x86_64_15.0.2.v20210201-0955\jre\bin\server

VM Arguments:
jvm_args: -Dfile.encoding=Cp1250 -XX:+ShowCodeDetailsInExceptionMessages 
java_command: JSON
java_class_path (initial): C:\Users\Eryk\eclipse-workspace\JSON\bin;C:\Users\Eryk\Downloads\json-20210307.jar;C:\Users\Eryk\Desktop\jfreechart-1.0.19\jfreechart-1.0.19\lib\jcommon-1.0.23.jar;C:\Users\Eryk\Desktop\jfreechart-1.0.19\jfreechart-1.0.19\lib\jfreechart-1.0.19.jar
Launcher Type: SUN_STANDARD

[Global flags]
     intx CICompilerCount                          = 3                                         {product} {ergonomic}
     uint ConcGCThreads                            = 1                                         {product} {ergonomic}
     uint G1ConcRefinementThreads                  = 4                                         {product} {ergonomic}
   size_t G1HeapRegionSize                         = 1048576                                   {product} {ergonomic}
    uintx GCDrainStackTargetSize                   = 64                                        {product} {ergonomic}
   size_t InitialHeapSize                          = 134217728                                 {product} {ergonomic}
   size_t MarkStackSize                            = 4194304                                   {product} {ergonomic}
   size_t MaxHeapSize                              = 2124414976                                {product} {ergonomic}
   size_t MinHeapDeltaBytes                        = 1048576                                   {product} {ergonomic}
   size_t MinHeapSize                              = 8388608                                   {product} {ergonomic}
    uintx NonNMethodCodeHeapSize                   = 5832780                                {pd product} {ergonomic}
    uintx NonProfiledCodeHeapSize                  = 122912730                              {pd product} {ergonomic}
    uintx ProfiledCodeHeapSize                     = 122912730                              {pd product} {ergonomic}
    uintx ReservedCodeCacheSize                    = 251658240                              {pd product} {ergonomic}
     bool SegmentedCodeCache                       = true                                      {product} {ergonomic}
     bool ShowCodeDetailsInExceptionMessages       = true                                   {manageable} {command line}
   size_t SoftMaxHeapSize                          = 2124414976                             {manageable} {ergonomic}
     bool UseCompressedClassPointers               = true                                 {lp64_product} {ergonomic}
     bool UseCompressedOops                        = true                                 {lp64_product} {ergonomic}
     bool UseG1GC                                  = true                                      {product} {ergonomic}
     bool UseLargePagesIndividualAllocation        = false                                  {pd product} {ergonomic}

Logging:
Log output configuration:
 #0: stdout all=warning uptime,level,tags
 #1: stderr all=off uptime,level,tags

Environment Variables:
PATH=C:/Users/Eryk/.p2/pool/plugins/org.eclipse.justj.openjdk.hotspot.jre.full.win32.x86_64_15.0.2.v20210201-0955/jre/bin/server;C:/Users/Eryk/.p2/pool/plugins/org.eclipse.justj.openjdk.hotspot.jre.full.win32.x86_64_15.0.2.v20210201-0955/jre/bin;C:\Program Files\Common Files\Oracle\Java\javapath;C:\WinAVR-20100110\bin;C:\WinAVR-20100110\utils\bin;C:\Users\Eryk\AppData\Local\Microsoft\WindowsApps;C:\Users\Eryk\.dotnet\tools;C:\Users\Eryk\Desktop;
USERNAME=Eryk
OS=Windows_NT
PROCESSOR_IDENTIFIER=Intel64 Family 6 Model 60 Stepping 3, GenuineIntel



---------------  S Y S T E M  ---------------

OS:
 Windows 10 , 64 bit Build 18362 (10.0.18362.1350)
OS uptime: 0 days 9:14 hours

CPU: total 4 (initial active 4) (2 cores per cpu, 2 threads per core) family 6 model 60 stepping 3 microcode 0x28, cmov, cx8, fxsr, mmx, sse, sse2, sse3, ssse3, sse4.1, sse4.2, popcnt, vzeroupper, avx, avx2, aes, clmul, erms, lzcnt, ht, tsc, tscinvbit, bmi1, bmi2, fma, clflush

Memory: 4k page, system-wide physical 8097M (1617M free)
TotalPageFile size 20903M (AvailPageFile size 50M)
current process WorkingSet (physical memory assigned to process): 10M, peak: 10M
current process commit charge ("private bytes"): 51M, peak: 179M

vm_info: OpenJDK 64-Bit Server VM (15.0.2+7-27) for windows-amd64 JRE (15.0.2+7-27), built on Dec  7 2020 20:02:38 by "mach5one" with unknown MS VC++:1925

END.
